{
  "uid" : "6eba378b924cdf37",
  "name" : "test_case_login[400-Invalid request data format.-220.0-Invalid account and.or password.-\\u5bc6\\u7801\\u9519\\u8bef]",
  "title" : "Test case login [400-Invalid request data format.-220.0-Invalid account and.or password.-\\u5bc6\\u7801\\u9519\\u8bef]",
  "time" : {
    "start" : 1496386358196,
    "stop" : 1496386358250,
    "duration" : 54
  },
  "summary" : {
    "attachments" : 0,
    "steps" : 0
  },
  "failure" : {
    "message" : "AssertionError: assert 400 == 220.0",
    "stackTrace" : "act_code = 400, act_msg = 'Invalid request data format.', exp_code = 220.0\nexp_msg = 'Invalid account and/or password.', case_name = '密码错误'\n\n    @allure.feature(sheet.name)  # @allure.feature('（Feature1特征）')\n    @pytest.mark.parametrize('act_code, act_msg, exp_code, exp_msg, case_name', ResultParam(idx).value)\n    def test_fn(act_code, act_msg, exp_code, exp_msg, case_name):\n>       assert act_code == exp_code\nE       assert 400 == 220.0\n\ninitTest.py:19: AssertionError"
  },
  "description" : null,
  "severity" : "NORMAL",
  "status" : "FAILED",
  "suite" : {
    "uid" : "a9d7d4e24e22f153",
    "name" : "initTest",
    "title" : "Init test"
  },
  "steps" : [ ],
  "attachments" : [ ],
  "issues" : [ ],
  "testIds" : [ ],
  "labels" : [ {
    "name" : "feature",
    "value" : "login"
  }, {
    "name" : "suite-name",
    "value" : "initTest"
  }, {
    "name" : "suite-title",
    "value" : null
  }, {
    "name" : "severity",
    "value" : "normal"
  }, {
    "name" : "thread",
    "value" : "7052-MainThread"
  }, {
    "name" : "host",
    "value" : "USER-20150424AG"
  } ],
  "parameters" : [ ]
}